<?xml version="1.0" encoding="UTF-8"?>
<!-- Generated by org.testng.reporters.JUnitReportReporter -->
<testsuite hostname="Logins" failures="0" tests="6" name="org.personal.tests.AmazonPageTest" time="164.977" errors="0" timestamp="2021-09-19T23:44:43 IST" skipped="3">
  <testcase classname="org.personal.tests.AmazonPageTest" name="amazonPageTest" time="26.810"/>
  <system-out/>
  <testcase classname="org.personal.tests.AmazonPageTest" name="amazonPageTest" time="35.457"/>
  <system-out/>
  <testcase classname="org.personal.tests.AmazonPageTest" name="amazonPageTest" time="35.019"/>
  <system-out/>
  <testcase classname="org.personal.tests.AmazonPageTest" name="newTest" time="19.594">
    <skipped/>
  </testcase> <!-- newTest -->
  <system-out/>
  <testcase classname="org.personal.tests.AmazonPageTest" name="newTest" time="21.422">
    <skipped/>
  </testcase> <!-- newTest -->
  <system-out/>
  <testcase classname="org.personal.tests.AmazonPageTest" name="newTest" time="26.675">
    <skipped/>
  </testcase> <!-- newTest -->
  <system-out/>
</testsuite> <!-- org.personal.tests.AmazonPageTest -->
