<?xml version="1.0" encoding="UTF-8"?>
<!-- Generated by org.testng.reporters.JUnitReportReporter -->
<testsuite hostname="Logins" failures="0" tests="1" name="org.personal.tests.HomePageTest" time="10.090" errors="0" timestamp="2021-09-10T17:43:23 IST" skipped="0">
  <testcase classname="org.personal.tests.HomePageTest" name="test1" time="10.090"/>
  <system-out/>
</testsuite> <!-- org.personal.tests.HomePageTest -->
