<?xml version="1.0" encoding="UTF-8"?>
<!-- Generated by org.testng.reporters.JUnitReportReporter -->
<testsuite hostname="Logins" failures="0" tests="1" name="org.pagefactory.tests.Runner" time="5.463" errors="0" timestamp="2021-09-11T10:13:12 IST" skipped="0">
  <testcase classname="org.pagefactory.tests.Runner" name="test3" time="5.463"/>
  <system-out/>
</testsuite> <!-- org.pagefactory.tests.Runner -->
