<?xml version="1.0" encoding="UTF-8"?>
<!-- Generated by org.testng.reporters.JUnitReportReporter -->
<testsuite hostname="Logins" failures="0" tests="3" name="org.personal.dataprovidertests.DemoTest" time="0.011" errors="0" timestamp="2021-09-11T14:45:52 IST" skipped="0">
  <testcase classname="org.personal.dataprovidertests.DemoTest" name="test1" time="0.002"/>
  <system-out/>
  <testcase classname="org.personal.dataprovidertests.DemoTest" name="test1" time="0.008"/>
  <system-out/>
  <testcase classname="org.personal.dataprovidertests.DemoTest" name="test1" time="0.001"/>
  <system-out/>
</testsuite> <!-- org.personal.dataprovidertests.DemoTest -->
