<?xml version="1.0" encoding="UTF-8"?>
<!-- Generated by org.testng.reporters.JUnitReportReporter -->
<testsuite hostname="Logins" failures="0" tests="1" name="org.personal.tests.AmazonPageTest" time="8.404" errors="0" timestamp="2021-09-15T15:44:05 IST" skipped="0">
  <testcase classname="org.personal.tests.AmazonPageTest" name="amazonPageTest" time="8.404"/>
  <system-out/>
</testsuite> <!-- org.personal.tests.AmazonPageTest -->
