<?xml version="1.0" encoding="UTF-8"?>
<!-- Generated by org.testng.reporters.JUnitReportReporter -->
<testsuite hostname="Logins" failures="0" tests="1" name="org.personal.tests.HomePageTest" time="7.425" errors="0" timestamp="2021-09-10T02:15:07 IST" skipped="0">
  <testcase classname="org.personal.tests.HomePageTest" name="test1" time="7.425"/>
  <system-out/>
</testsuite> <!-- org.personal.tests.HomePageTest -->
