<?xml version="1.0" encoding="UTF-8"?>
<!-- Generated by org.testng.reporters.JUnitReportReporter -->
<testsuite hostname="Logins" failures="0" tests="4" name="org.personal.tests.DummyTest" time="74.753" errors="0" timestamp="2021-09-17T16:42:16 IST" skipped="0">
  <testcase classname="org.personal.tests.DummyTest" name="test" time="12.129"/>
  <system-out/>
  <testcase classname="org.personal.tests.DummyTest" name="test" time="29.499"/>
  <system-out/>
  <testcase classname="org.personal.tests.DummyTest" name="test" time="16.695"/>
  <system-out/>
  <testcase classname="org.personal.tests.DummyTest" name="test" time="16.430"/>
  <system-out/>
</testsuite> <!-- org.personal.tests.DummyTest -->
